<?xml version="1.0" encoding="UTF-8"?>
<!-- Generated by org.testng.reporters.JUnitReportReporter -->
<testsuite hostname="DESKTOP-0OF1QAL" failures="0" tests="2" name="property.Extent_reports" time="20.230" errors="0" timestamp="2024-03-01T13:15:29 IST" skipped="0">
  <testcase classname="property.Extent_reports" name="checkTitle1" time="11.318"/>
  <system-out>
    <![CDATA[Title is matching]]>
  </system-out>
  <testcase classname="property.Extent_reports" name="checkTitile2" time="8.912"/>
  <system-out>
    <![CDATA[Title is not matching]]>
  </system-out>
</testsuite> <!-- property.Extent_reports -->
