<?xml version="1.0" encoding="UTF-8"?>
<!-- Generated by org.testng.reporters.JUnitReportReporter -->
<testsuite hostname="DESKTOP-0OF1QAL" failures="0" tests="1" name="property.Create_new_role" time="9.443" errors="0" timestamp="2024-02-26T13:58:23 IST" skipped="0">
  <testcase classname="property.Create_new_role" name="startTest" time="9.443"/>
  <system-out/>
</testsuite> <!-- property.Create_new_role -->
