<?xml version="1.0" encoding="UTF-8"?>
<!-- Generated by org.testng.reporters.JUnitReportReporter -->
<testsuite hostname="DESKTOP-0OF1QAL" failures="0" tests="1" name="property.PropetyFile" time="16.200" errors="0" timestamp="2024-02-26T11:52:37 IST" skipped="0">
  <testcase classname="property.PropetyFile" name="stsrtTest" time="16.200"/>
  <system-out/>
</testsuite> <!-- property.PropetyFile -->
