<?xml version="1.0" encoding="UTF-8"?>
<!-- Generated by org.testng.reporters.JUnitReportReporter -->
<testsuite hostname="DESKTOP-0OF1QAL" failures="0" tests="1" name="practies.Second" time="4.759" errors="0" timestamp="2024-03-01T09:03:57 IST" skipped="0">
  <testcase classname="practies.Second" name="adminlogin" time="4.759"/>
  <system-out/>
</testsuite> <!-- practies.Second -->
